<?xml version="1.0" encoding="UTF-8"?>
<!-- Generated by org.testng.reporters.JUnitReportReporter -->
<testsuite skipped="0" hostname="DESKTOP-VKHVS6N" name="getRequest.PutCall" tests="1" failures="0" timestamp="14 Nov 2019 05:25:51 GMT" time="8.084" errors="0">
  <testcase name="put" time="8.084" classname="getRequest.PutCall"/>
</testsuite> <!-- getRequest.PutCall -->
