<?xml version="1.0" encoding="UTF-8"?>
<!-- Generated by org.testng.reporters.JUnitReportReporter -->
<testsuite skipped="0" hostname="DESKTOP-VKHVS6N" name="com.request.DeleteCall" tests="1" failures="0" timestamp="20 Nov 2019 05:15:49 GMT" time="3.851" errors="0">
  <testcase name="delete" time="3.851" classname="com.request.DeleteCall"/>
</testsuite> <!-- com.request.DeleteCall -->
