<?xml version="1.0" encoding="UTF-8"?>
<!-- Generated by org.testng.reporters.JUnitReportReporter -->
<testsuite skipped="0" hostname="DESKTOP-VKHVS6N" name="com.request.PutCall" tests="1" failures="0" timestamp="20 Nov 2019 04:55:54 GMT" time="5.019" errors="0">
  <testcase name="put" time="5.019" classname="com.request.PutCall"/>
</testsuite> <!-- com.request.PutCall -->
