<?xml version="1.0" encoding="UTF-8"?>
<!-- Generated by org.testng.reporters.JUnitReportReporter -->
<testsuite skipped="0" hostname="DESKTOP-VKHVS6N" name="getRequest.GetCall" tests="1" failures="0" timestamp="12 Nov 2019 06:19:09 GMT" time="7.528" errors="0">
  <testcase name="get" time="7.528" classname="getRequest.GetCall"/>
</testsuite> <!-- getRequest.GetCall -->
