<?xml version="1.0" encoding="UTF-8"?>
<!-- Generated by org.testng.reporters.JUnitReportReporter -->
<testsuite skipped="0" hostname="DESKTOP-VKHVS6N" name="com.request.PostCall" tests="1" failures="0" timestamp="19 Nov 2019 11:10:23 GMT" time="4.811" errors="0">
  <testcase name="PostRequest" time="4.811" classname="com.request.PostCall"/>
</testsuite> <!-- com.request.PostCall -->
