<?xml version="1.0" encoding="UTF-8"?>
<!-- Generated by org.testng.reporters.JUnitReportReporter -->
<testsuite skipped="0" hostname="DESKTOP-VKHVS6N" name="com.request.GetCall" tests="1" failures="0" timestamp="20 Nov 2019 07:09:37 GMT" time="7.601" errors="0">
  <testcase name="get" time="7.601" classname="com.request.GetCall"/>
</testsuite> <!-- com.request.GetCall -->
