<?xml version="1.0" encoding="UTF-8"?>
<!-- Generated by org.testng.reporters.JUnitReportReporter -->
<testsuite skipped="0" hostname="DESKTOP-VKHVS6N" name="getRequest.PostCall" tests="1" failures="0" timestamp="13 Nov 2019 10:36:22 GMT" time="38.133" errors="0">
  <testcase name="PostRequest" time="38.133" classname="getRequest.PostCall"/>
</testsuite> <!-- getRequest.PostCall -->
