<?xml version="1.0" encoding="UTF-8"?>
<!-- Generated by org.testng.reporters.JUnitReportReporter -->
<testsuite skipped="0" hostname="DESKTOP-VKHVS6N" name="getRequest.DataDriven" tests="1" failures="0" timestamp="12 Nov 2019 06:35:18 GMT" time="4.053" errors="0">
  <testcase name="postCall" time="4.053" classname="getRequest.DataDriven"/>
</testsuite> <!-- getRequest.DataDriven -->
